2019-11-04 09:53:12.244  INFO 38365 --- [Thread-17] o.s.s.c.ThreadPoolTaskScheduler          : Shutting down ExecutorService 'taskScheduler'
2019-11-04 09:53:12.255  INFO 38365 --- [Thread-17] o.s.s.concurrent.ThreadPoolTaskExecutor  : Shutting down ExecutorService 'applicationTaskExecutor'
2019-11-04 09:53:12.262  INFO 38365 --- [Thread-17] com.alibaba.druid.pool.DruidDataSource   : {dataSource-1} closed
2019-11-04 09:53:13.402  INFO 38365 --- [Thread-17] io.undertow.servlet                      : Destroying Spring FrameworkServlet 'dispatcherServlet'
2019-11-04 09:53:13.405  INFO 38365 --- [Thread-17] io.undertow                              : stopping server: Undertow - 2.0.27.Final
2019-11-04 09:53:13.819  INFO 38365 --- [restartedMain] c.l.sens.user.SensUserApplication        : Starting SensUserApplication on liuyanzhao with PID 38365 (/Users/liuyanzhao/code/sens-user/target/classes started by liuyanzhao in /Users/liuyanzhao/code/sens-user)
2019-11-04 09:53:13.838  INFO 38365 --- [restartedMain] c.l.sens.user.SensUserApplication        : No active profile set, falling back to default profiles: default
2019-11-04 09:53:14.114  INFO 38365 --- [restartedMain] .s.d.r.c.RepositoryConfigurationDelegate : Multiple Spring Data modules found, entering strict repository configuration mode!
2019-11-04 09:53:14.114  INFO 38365 --- [restartedMain] .s.d.r.c.RepositoryConfigurationDelegate : Bootstrapping Spring Data repositories in DEFAULT mode.
2019-11-04 09:53:14.138  INFO 38365 --- [restartedMain] .s.d.r.c.RepositoryConfigurationDelegate : Finished Spring Data repository scanning in 23ms. Found 0 repository interfaces.
2019-11-04 09:53:14.198  INFO 38365 --- [restartedMain] trationDelegate$BeanPostProcessorChecker : Bean 'org.springframework.transaction.annotation.ProxyTransactionManagementConfiguration' of type [org.springframework.transaction.annotation.ProxyTransactionManagementConfiguration] is not eligible for getting processed by all BeanPostProcessors (for example: not eligible for auto-proxying)
2019-11-04 09:53:14.206  INFO 38365 --- [restartedMain] trationDelegate$BeanPostProcessorChecker : Bean 'shiroConfig' of type [com.liuyanzhao.sens.user.config.shiro.ShiroConfig$$EnhancerBySpringCGLIB$$a965dce3] is not eligible for getting processed by all BeanPostProcessors (for example: not eligible for auto-proxying)
2019-11-04 09:53:14.210  INFO 38365 --- [restartedMain] trationDelegate$BeanPostProcessorChecker : Bean 'modularRealmAuthenticator' of type [com.liuyanzhao.sens.user.config.shiro.UserModularRealmAuthenticator] is not eligible for getting processed by all BeanPostProcessors (for example: not eligible for auto-proxying)
2019-11-04 09:53:14.212  INFO 38365 --- [restartedMain] trationDelegate$BeanPostProcessorChecker : Bean 'hashedCredentialsMatcher' of type [org.apache.shiro.authc.credential.HashedCredentialsMatcher] is not eligible for getting processed by all BeanPostProcessors (for example: not eligible for auto-proxying)
2019-11-04 09:53:14.219  INFO 38365 --- [restartedMain] trationDelegate$BeanPostProcessorChecker : Bean 'normalRealm' of type [com.liuyanzhao.sens.user.config.shiro.NormalRealm] is not eligible for getting processed by all BeanPostProcessors (for example: not eligible for auto-proxying)
2019-11-04 09:53:14.223  INFO 38365 --- [restartedMain] trationDelegate$BeanPostProcessorChecker : Bean 'allowAllCredentialsMatcher' of type [org.apache.shiro.authc.credential.AllowAllCredentialsMatcher] is not eligible for getting processed by all BeanPostProcessors (for example: not eligible for auto-proxying)
2019-11-04 09:53:14.223  INFO 38365 --- [restartedMain] trationDelegate$BeanPostProcessorChecker : Bean 'freeRealm' of type [com.liuyanzhao.sens.user.config.shiro.FreeRealm] is not eligible for getting processed by all BeanPostProcessors (for example: not eligible for auto-proxying)
2019-11-04 09:53:14.227  INFO 38365 --- [restartedMain] trationDelegate$BeanPostProcessorChecker : Bean 'securityManager' of type [org.apache.shiro.web.mgt.DefaultWebSecurityManager] is not eligible for getting processed by all BeanPostProcessors (for example: not eligible for auto-proxying)
2019-11-04 09:53:14.235  INFO 38365 --- [restartedMain] trationDelegate$BeanPostProcessorChecker : Bean 'getIgnoredUrlsProperties' of type [com.liuyanzhao.sens.user.config.properties.IgnoredUrlsProperties] is not eligible for getting processed by all BeanPostProcessors (for example: not eligible for auto-proxying)
2019-11-04 09:53:14.296  WARN 38365 --- [restartedMain] io.undertow.websockets.jsr               : UT026010: Buffer pool was not set on WebSocketDeploymentInfo, the default pool will be used
2019-11-04 09:53:14.297  INFO 38365 --- [restartedMain] io.undertow.servlet                      : Initializing Spring embedded WebApplicationContext
2019-11-04 09:53:14.297  INFO 38365 --- [restartedMain] o.s.web.context.ContextLoader            : Root WebApplicationContext: initialization completed in 455 ms
2019-11-04 09:53:14.361  INFO 38365 --- [restartedMain] c.a.d.s.b.a.DruidDataSourceAutoConfigure : Init DruidDataSource
2019-11-04 09:53:14.424  INFO 38365 --- [restartedMain] com.alibaba.druid.pool.DruidDataSource   : {dataSource-2} inited
2019-11-04 09:53:14.897  INFO 38365 --- [restartedMain] o.s.s.concurrent.ThreadPoolTaskExecutor  : Initializing ExecutorService 'applicationTaskExecutor'
2019-11-04 09:53:15.081  INFO 38365 --- [restartedMain] o.s.s.c.ThreadPoolTaskScheduler          : Initializing ExecutorService 'taskScheduler'
2019-11-04 09:53:15.109  INFO 38365 --- [restartedMain] o.s.b.d.a.OptionalLiveReloadServer       : LiveReload server is running on port 35729
2019-11-04 09:53:15.112  INFO 38365 --- [restartedMain] o.s.b.a.e.web.EndpointLinksResolver      : Exposing 14 endpoint(s) beneath base path '/actuator'
2019-11-04 09:53:15.151  INFO 38365 --- [restartedMain] io.undertow                              : starting server: Undertow - 2.0.27.Final
2019-11-04 09:53:15.154  INFO 38365 --- [restartedMain] o.s.b.w.e.u.UndertowServletWebServer     : Undertow started on port(s) 8080 (http) with context path ''
2019-11-04 09:53:15.154  INFO 38365 --- [restartedMain] c.l.sens.user.SensUserApplication        : Started SensUserApplication in 1.447 seconds (JVM running for 13097.841)
2019-11-04 09:53:15.156  INFO 38365 --- [restartedMain] .ConditionEvaluationDeltaLoggingListener : Condition evaluation unchanged
2019-11-04 09:53:15.157  INFO 38365 --- [restartedMain] c.l.sens.user.SensUserApplication        : 【SENS USER】 started at http://localhost:8080
2019-11-04 11:40:44.055  INFO 38365 --- [SpringContextShutdownHook] o.s.s.c.ThreadPoolTaskScheduler          : Shutting down ExecutorService 'taskScheduler'
2019-11-04 11:40:44.069  INFO 38365 --- [SpringContextShutdownHook] o.s.s.concurrent.ThreadPoolTaskExecutor  : Shutting down ExecutorService 'applicationTaskExecutor'
2019-11-04 11:40:44.073  INFO 38365 --- [SpringContextShutdownHook] com.alibaba.druid.pool.DruidDataSource   : {dataSource-2} closed
